./uploads/CS337L9WasL11in2020--daK-BUfgQg/audio/CS337_L9_Was_L11_in_2020--daK-BUfgQg.mp3
-25.00	0.40	25
671.940002	818.780029	14684
1737.069946	1830.489990	9342
335.910004	403.230011	6732
1851.479980	1914.869995	6339
2000.339966	2060.459961	6012
1083.270020	1137.599976	5432
3249.500000	3302.239990	5274
1916.599976	1966.209961	4961
2736.139893	2784.959961	4882
425.230011	468.140015	4291
2821.280029	2862.570068	4129
3303.500000	3343.280029	3978
117.900002	157.460007	3956
2580.080078	2618.459961	3838
260.709991	298.869995	3816
158.429993	196.380005	3795
482.790009	520.049988	3725
2118.270020	2155.419922	3715
2535.260010	2572.340088	3707
3072.600098	3108.699951	3610
1011.599976	1047.420044	3582
561.630005	597.419983	3578
1504.579956	1540.329956	3575
1297.219971	1332.280029	3506
2904.040039	2938.209961	3417
1353.630005	1387.510010	3388
962.419983	994.419983	3200
626.429993	658.109985	3168
1578.489990	1610.020020	3153
42.299999	72.930000	3063
1392.300049	1422.719971	3042
2443.459961	2473.560059	3010
1156.280029	1185.729980	2945
1186.589966	1214.530029	2794
3029.540039	3057.149902	2761
3857.040039	3884.610107	2757
1237.890015	1264.780029	2688
867.520020	893.260010	2574
3533.070068	3557.729980	2466
3361.209961	3385.179932	2397
2094.010010	2117.340088	2332
3177.070068	3199.959961	2289
2946.879883	2969.489990	2261
911.659973	933.909973	2225
1215.180054	1237.170044	2199
1274.250000	1295.819946	2157
846.359985	867.239990	2088
528.369995	548.349976	1998
2799.459961	2818.760010	1930
3658.860107	3678.040039	1918
403.989990	422.820007	1883
2366.709961	2385.250000	1854
1553.500000	1571.469971	1797
2480.000000	2497.419922	1742
2279.439941	2296.830078	1739
1332.930054	1350.250000	1732
1447.229980	1464.400024	1717
1611.000000	1627.920044	1692
3425.899902	3442.500000	1660
1139.000000	1155.310059	1631
1980.430054	1996.339966	1591
3728.659912	3744.280029	1562
1677.380005	1692.569946	1519
1637.819946	1652.900024	1508
3587.469971	3602.439941	1497
2167.989990	2182.570068	1458
228.240005	242.419998	1418
1048.500000	1062.390015	1389
819.570007	833.320007	1375
2183.760010	2196.899902	1313
3696.189941	3709.110107	1292
314.779999	327.239990	1246
2207.729980	2220.120117	1239
2343.629883	2355.909912	1228
3645.000000	3657.199951	1220
3509.419922	3521.590088	1217
3474.459961	3486.560059	1210
834.010010	845.669983	1166
3114.030029	3125.620117	1159
2431.330078	2442.879883	1155
2690.489990	2701.979980	1149
2723.250000	2734.659912	1141
3714.479980	3725.850098	1137
2233.439941	2244.629883	1119
3402.860107	3413.879883	1102
949.570007	960.549988	1098
1967.760010	1978.630005	1087
2636.780029	2647.649902	1087
3771.820068	3782.620117	1080
2331.100098	2341.830078	1073
2711.409912	2722.139893	1073
2320.020020	2330.639893	1062
2619.000000	2629.399902	1040
3816.500000	3826.830078	1033
659.299988	669.559998	1026
3462.659912	3472.919922	1026
3561.040039	3571.199951	1016
3444.370117	3454.270020	990
214.520004	224.350006	983
1726.089966	1735.880005	979
3745.469971	3755.120117	965
1478.479980	1487.979980	950
2356.229980	2365.629883	940
2245.750000	2255.070068	932
1073.369995	1082.660034	929
3830.219971	3838.780029	856
1468.260010	1476.790039	853
80.669998	89.129997	846
610.450012	618.869995	841
2524.709961	2533.100098	839
934.479980	942.840027	836
3889.760010	3898.080078	832
3020.399902	3028.709961	831
2411.060059	2419.229980	817
197.100006	205.119995	802
3240.360107	3248.379883	802
2663.020020	2671.020020	800
3133.939941	3141.790039	785
23.790001	31.600000	781
2516.219971	2523.879883	766
1669.239990	1676.770020	753
2077.699951	2085.219971	752
2702.659912	2710.179932	752
2223.000000	2230.379883	738
1661.250000	1668.560059	731
1838.699951	1845.930054	723
307.079987	314.170013	709
549.429993	556.409973	698
251.740005	258.619995	688
97.160004	103.959999	680
3157.449951	3164.219971	677
1830.959961	1837.719971	676
2086.379883	2093.000000	662
2654.959961	2661.580078	662
3637.360107	3643.949951	659
470.190002	476.739990	655
2939.320068	2945.729980	641
3686.860107	3693.270020	641
521.820007	528.150024	632
328.170013	334.440002	627
2421.750000	2427.979980	623
3624.800049	3631.030029	623
300.559998	306.609985	605
1716.040039	1722.020020	598
3679.270020	3685.239990	597
2259.679932	2265.620117	594
1492.270020	1498.099976	583
105.620003	111.419998	580
3631.280029	3636.969971	569
2683.360107	2688.870117	551
2648.620117	2654.100098	548
3494.080078	3499.560059	548
1541.520020	1546.989990	547
1701.209961	1706.680054	547
3759.840088	3765.270020	543
3208.750000	3214.080078	533
3456.639893	3461.899902	526
75.269997	80.459999	518
2868.439941	2873.620117	518
3389.000000	3394.080078	508
32.759998	37.830002	507
3580.409912	3585.449951	504
1655.780029	1660.780029	500
1498.930054	1503.900024	497
1693.869995	1698.839966	497
3234.419922	3239.379883	496
1435.709961	1440.640015	493
3219.550049	3224.439941	489
13.280000	18.139999	486
2972.699951	2977.560059	486
1063.150024	1068.010010	485
3355.989990	3360.669922	468
3487.860107	3492.540039	468
3608.919922	3613.500000	458
2794.209961	2798.780029	457
3523.139893	3527.669922	453
2672.459961	2676.959961	450
2067.330078	2071.800049	447
2880.139893	2884.570068	443
3614.790039	3619.149902	436
1000.619995	1004.940002	432
3394.939941	3399.260010	432
3784.959961	3789.280029	432
1629.569946	1633.819946	425
2299.209961	2303.459961	425
3058.659912	3062.879883	422
895.500000	899.710022	421
3014.060059	3018.270020	421
2306.340088	2310.479980	414
2498.719971	2502.820068	410
2062.290039	2066.320068	403
3806.310059	3810.270020	396
3418.120117	3422.050049	393
113.000000	116.889999	389
2162.729980	2166.620117	389
605.080017	608.969971	388
2199.060059	2202.939941	388
2875.100098	2878.949951	385
3201.580078	3205.360107	378
597.989990	601.739990	375
3006.000000	3009.739990	374
3840.550049	3844.260010	371
3165.979980	3169.649902	367
3228.439941	3232.080078	364
2274.479980	2278.110107	363
2505.989990	2509.560059	357
905.760010	909.250000	349
2386.830078	2390.320068	349
1548.000000	1551.380005	338
2390.939941	2394.320068	338
3500.639893	3504.020020	338
3799.979980	3803.360107	338
1423.400024	1426.709961	331
1442.160034	1445.430054	327
1431.180054	1434.420044	324
3576.699951	3579.909912	321
3349.260010	3352.459961	320
3767.219971	3770.419922	320
3149.959961	3153.129883	317
2864.620117	2867.760010	314
3142.899902	3146.040039	314
1069.089966	1072.180054	309
1573.339966	1576.359985	302
3603.340088	3606.260010	292
2576.949951	2579.830078	288
1267.089966	1269.930054	284
3063.199951	3066.040039	284
2397.629883	2400.439941	281
2474.459961	2477.229980	277
3793.169922	3795.939941	277
3002.540039	3005.280029	274
1712.260010	1714.959961	270
2897.350098	2900.050049	270
3845.840088	3848.540039	270
2680.479980	2683.149902	267
3572.919922	3575.590088	267
207.899994	210.559998	266
2573.419922	2576.050049	263
2999.699951	3002.290039	259
3414.919922	3417.510010	259
3529.330078	3531.919922	259
2987.669922	2990.229980	256
3853.219971	3855.739990	252
2889.500000	2891.949951	245
2786.110107	2788.520020	241
943.700012	946.080017	238
3346.379883	3348.750000	237
9.500000	11.840000	234
247.600006	249.910004	231
623.799988	626.109985	231
3010.929932	3013.229980	230
38.840000	41.139999	229
3621.159912	3623.429932	227
557.849976	560.080017	223
2790.679932	2792.909912	223
3154.780029	3156.939941	216
1996.630005	1998.750000	212
3215.699951	3217.820068	212
93.849998	95.900002	205
1634.319946	1636.300049	198
2073.739990	2075.679932	194
3756.239990	3758.179932	194
2157.260010	2159.199951	193
244.539993	246.449997	191
2631.199951	2633.070068	187
3069.070068	3070.939941	187
3812.790039	3814.659912	187
2266.479980	2268.280029	180
3111.840088	3113.639893	180
2313.389893	2315.159912	177
2401.560059	2403.250000	169
1006.950012	1008.609985	166
2221.020020	2222.669922	165
997.409973	999.030029	162
3066.399902	3068.020020	162
2317.350098	2318.969971	161
1710.209961	1711.800049	159
2885.610107	2887.199951	159
2408.830078	2410.379883	155
619.950012	621.500000	154
2256.439941	2257.989990	154
2512.620117	2514.159912	154
3558.600098	3560.110107	151
3147.260010	3148.699951	144
3174.580078	3175.919922	134
3710.439941	3711.780029	134
91.470001	92.800003	133
2978.959961	2980.290039	133
2985.689941	2987.020020	133
3353.610107	3354.909912	130
19.760000	21.059999	129
2992.500000	2993.790039	129
3171.419922	3172.709961	129
480.880005	482.140015	126
3386.340088	3387.600098	126
2231.350098	2232.540039	119
2406.959961	2408.139893	118
2271.520020	2272.639893	112
2900.620117	2901.739990	112
2477.699951	2478.810059	111
3400.590088	3401.600098	101
1427.900024	1428.869995	97
3828.159912	3829.100098	94
3507.189941	3508.120117	93
2205.209961	2206.110107	90
2894.860107	2895.760010	90
3796.590088	3797.489990	90
1848.959961	1849.780029	82
2504.010010	2504.840088	82
3130.520020	3131.280029	76
3206.840088	3207.600098	76
2997.719971	2998.469971	75
1489.500000	1490.219971	72
902.729980	903.340027	61
2311.810059	2312.379883	57
1389.060059	1389.599976	54
2395.330078	2395.830078	50
3886.379883	3886.879883	50
1465.270020	1465.739990	47
1466.709961	1467.140015	43
